d:\c++ files\demo\debug\vc140.pdb
d:\c++ files\demo\debug\vc140.idb
d:\c++ files\demo\debug\demo.obj
d:\c++ files\demo\debug\character.obj
d:\c++ files\demo\debug\demo.pdb
d:\c++ files\demo\debug\demo.tlog\cl.command.1.tlog
d:\c++ files\demo\debug\demo.tlog\cl.read.1.tlog
d:\c++ files\demo\debug\demo.tlog\cl.write.1.tlog
d:\c++ files\demo\debug\demo.tlog\link-cvtres.read.1.tlog
d:\c++ files\demo\debug\demo.tlog\link-cvtres.write.1.tlog
d:\c++ files\demo\debug\demo.tlog\link-rc.read.1.tlog
d:\c++ files\demo\debug\demo.tlog\link-rc.write.1.tlog
d:\c++ files\demo\debug\demo.tlog\link.8152-cvtres.read.1.tlog
d:\c++ files\demo\debug\demo.tlog\link.8152-cvtres.write.1.tlog
d:\c++ files\demo\debug\demo.tlog\link.8152-rc.read.1.tlog
d:\c++ files\demo\debug\demo.tlog\link.8152-rc.write.1.tlog
d:\c++ files\demo\debug\demo.tlog\link.8152.read.1.tlog
d:\c++ files\demo\debug\demo.tlog\link.8152.write.1.tlog
d:\c++ files\demo\debug\demo.tlog\link.command.1.tlog
d:\c++ files\demo\debug\demo.tlog\link.read.1.tlog
d:\c++ files\demo\debug\demo.tlog\link.write.1.tlog
